Using pre-set license
Built from '2020.3/release' branch; Version is '2020.3.12f1 (b3b2c6512326) revision 11776710'; Using compiler version '192528614'; Build Type 'Release'
OS: 'Windows 10 Home; OS build 19042.1052; Version 2009; 64bit' Language: 'pl' Physical Memory: 16234 MB
BatchMode: 1, IsHumanControllingUs: 0, StartBugReporterOnCrash: 0, Is64bit: 1, IsPro: 0

 COMMAND LINE ARGUMENTS:
C:\Program Files\Unity\Hub\Editor\2020.3.12f1\Editor\Unity.exe
-adb2
-batchMode
-noUpm
-name
AssetImportWorker0
-projectPath
C:/Users/pauli/Documents/GitHub/Pong
-logFile
Logs/AssetImportWorker0.log
-srvPort
51933
Successfully changed project path to: C:/Users/pauli/Documents/GitHub/Pong
C:/Users/pauli/Documents/GitHub/Pong
Using Asset Import Pipeline V2.
Refreshing native plugins compatible for Editor in 60.09 ms, found 3 plugins.
Preloading 0 native plugins for Editor in 0.00 ms.
Initialize engine version: 2020.3.12f1 (b3b2c6512326)
[Subsystems] Discovering subsystems at path C:/Program Files/Unity/Hub/Editor/2020.3.12f1/Editor/Data/Resources/UnitySubsystems
[Subsystems] Discovering subsystems at path C:/Users/pauli/Documents/GitHub/Pong/Assets
GfxDevice: creating device client; threaded=0
Direct3D:
    Version:  Direct3D 11.0 [level 11.1]
    Renderer: NVIDIA GeForce RTX 2060 (ID=0x1f11)
    Vendor:   
    VRAM:     5980 MB
    Driver:   27.21.14.6647
Initialize mono
Mono path[0] = 'C:/Program Files/Unity/Hub/Editor/2020.3.12f1/Editor/Data/Managed'
Mono path[1] = 'C:/Program Files/Unity/Hub/Editor/2020.3.12f1/Editor/Data/MonoBleedingEdge/lib/mono/unityjit'
Mono config path = 'C:/Program Files/Unity/Hub/Editor/2020.3.12f1/Editor/Data/MonoBleedingEdge/etc'
Using monoOptions --debugger-agent=transport=dt_socket,embedding=1,server=y,suspend=n,address=127.0.0.1:56584
Begin MonoManager ReloadAssembly
Registering precompiled unity dll's ...
Register platform support module: C:/Program Files/Unity/Hub/Editor/2020.3.12f1/Editor/Data/PlaybackEngines/WindowsStandaloneSupport/UnityEditor.WindowsStandalone.Extensions.dll
Registered in 0.003828 seconds.
Native extension for WindowsStandalone target not found
Refreshing native plugins compatible for Editor in 57.20 ms, found 3 plugins.
Preloading 0 native plugins for Editor in 0.00 ms.
Mono: successfully reloaded assembly
- Completed reload, in  1.766 seconds
Platform modules already initialized, skipping
Registering precompiled user dll's ...
Registered in 0.006544 seconds.
Begin MonoManager ReloadAssembly
Native extension for WindowsStandalone target not found
Refreshing native plugins compatible for Editor in 69.71 ms, found 3 plugins.
Preloading 0 native plugins for Editor in 0.00 ms.
Mono: successfully reloaded assembly
- Completed reload, in  1.496 seconds
Platform modules already initialized, skipping
========================================================================
Worker process is ready to serve import requests
Launched and connected shader compiler UnityShaderCompiler.exe after 0.06 seconds
Refreshing native plugins compatible for Editor in 0.78 ms, found 3 plugins.
Preloading 0 native plugins for Editor in 0.00 ms.
Unloading 2080 Unused Serialized files (Serialized files now loaded: 0)
System memory in use before: 92.8 MB.
System memory in use after: 92.8 MB.

Unloading 33 unused Assets to reduce memory usage. Loaded Objects now: 2513.
Total: 2.287700 ms (FindLiveObjects: 0.218600 ms CreateObjectMapping: 0.106900 ms MarkObjects: 1.836500 ms  DeleteObjects: 0.124200 ms)

AssetImportParameters requested are different than current active one (requested -> active):
  custom:framework-win-MediaFoundation: 216162199b28c13a410421893ffa2e32 -> 
  custom:video-decoder-ogg-theora: a1e56fd34408186e4bbccfd4996cb3dc -> 
  custom:container-muxer-webm: aa71ff27fc2769a1b78a27578f13a17b -> 
  custom:container-demuxer-webm: 4f35f7cbe854078d1ac9338744f61a02 -> 
  custom:container-demuxer-ogg: 62fdf1f143b41e24485cea50d1cbac27 -> 
  custom:video-encoder-webm-vp8: eb34c28f22e8b96e1ab97ce403110664 -> 
  custom:video-decoder-webm-vp8: 9c59270c3fd7afecdb556c50c9e8de78 -> 
  custom:audio-decoder-ogg-vorbis: bf7c407c2cedff20999df2af8eb42d56 -> 
  custom:audio-encoder-webm-vorbis: bf7c407c2cedff20999df2af8eb42d56 -> 
========================================================================
Received Import Request.
  path: Assets/Scenes/Pong.unity
  artifactKey: Guid(2cda990e2423bbf4892e6590ba056729) Importer(815301076,1909f56bfc062723c751e8b465ee728b)
Start importing Assets/Scenes/Pong.unity using Guid(2cda990e2423bbf4892e6590ba056729) Importer(815301076,1909f56bfc062723c751e8b465ee728b)  -> (artifact id: '8b60fa740444fcbebbd5d9345543cb05') in 0.034121 seconds 
  Import took 0.040618 seconds .

========================================================================
Received Import Request.
  Time since last request: 1338.440658 seconds.
  path: Assets
  artifactKey: Guid(00000000000000001000000000000000) Importer(815301076,1909f56bfc062723c751e8b465ee728b)
Start importing Assets using Guid(00000000000000001000000000000000) Importer(815301076,1909f56bfc062723c751e8b465ee728b)  -> (artifact id: '42d402b061de3733987d63b9cc3b64de') in 0.015247 seconds 
  Import took 0.023295 seconds .

========================================================================
Received Import Request.
  Time since last request: 6.598288 seconds.
  path: Assets/Materials
  artifactKey: Guid(53f55e30fe9a35547ac071eb5f039888) Importer(815301076,1909f56bfc062723c751e8b465ee728b)
Start importing Assets/Materials using Guid(53f55e30fe9a35547ac071eb5f039888) Importer(815301076,1909f56bfc062723c751e8b465ee728b)  -> (artifact id: '8ff78ce28e9cc8efb68f2c07a9d85579') in 0.008149 seconds 
  Import took 0.012672 seconds .

========================================================================
Received Import Request.
  Time since last request: 0.000567 seconds.
  path: Assets/Materials
  artifactKey: Guid(53f55e30fe9a35547ac071eb5f039888) Importer(815301076,1909f56bfc062723c751e8b465ee728b)
Start importing Assets/Materials using Guid(53f55e30fe9a35547ac071eb5f039888) Importer(815301076,1909f56bfc062723c751e8b465ee728b)  -> (artifact id: '8ff78ce28e9cc8efb68f2c07a9d85579') in 0.002909 seconds 
  Import took 0.007926 seconds .

========================================================================
Received Import Request.
  Time since last request: 17.863743 seconds.
  path: Assets/Materials/New Material.mat
  artifactKey: Guid(3b583242ae317ab489f90dc31c5bd346) Importer(815301076,1909f56bfc062723c751e8b465ee728b)
Start importing Assets/Materials/New Material.mat using Guid(3b583242ae317ab489f90dc31c5bd346) Importer(815301076,1909f56bfc062723c751e8b465ee728b)  -> (artifact id: '672a71a929f685e60f73a738071da769') in 0.406775 seconds 
  Import took 0.415322 seconds .

========================================================================
Received Import Request.
  Time since last request: 6.690421 seconds.
  path: Assets/Materials/Line.mat
  artifactKey: Guid(3b583242ae317ab489f90dc31c5bd346) Importer(815301076,1909f56bfc062723c751e8b465ee728b)
Start importing Assets/Materials/Line.mat using Guid(3b583242ae317ab489f90dc31c5bd346) Importer(815301076,1909f56bfc062723c751e8b465ee728b)  -> (artifact id: '75e6e7df578ef0dc0d900432db1d270e') in 0.047094 seconds 
  Import took 0.063522 seconds .

========================================================================
Received Import Request.
  Time since last request: 303.245392 seconds.
  path: Assets/Sprites
  artifactKey: Guid(8fedfee60322c61419000337e4f1576b) Importer(815301076,1909f56bfc062723c751e8b465ee728b)
Start importing Assets/Sprites using Guid(8fedfee60322c61419000337e4f1576b) Importer(815301076,1909f56bfc062723c751e8b465ee728b)  -> (artifact id: 'adb421a7ee6ed26d386d9b5c2d70be8c') in 0.012742 seconds 
  Import took 0.019870 seconds .

========================================================================
Received Import Request.
  Time since last request: 9.760393 seconds.
  path: Assets/Sprites/HalfSquare.png
  artifactKey: Guid(141f3bfe96be39547a97d0dad9010365) Importer(815301076,1909f56bfc062723c751e8b465ee728b)
Start importing Assets/Sprites/HalfSquare.png using Guid(141f3bfe96be39547a97d0dad9010365) Importer(815301076,1909f56bfc062723c751e8b465ee728b)  -> (artifact id: 'f7dc2bdc6bd06701f5435a2dc8d045e2') in 0.057339 seconds 
  Import took 0.061206 seconds .

========================================================================
Received Import Request.
  Time since last request: 86.478492 seconds.
  path: Assets/Sprites/HalfSquare.png
  artifactKey: Guid(141f3bfe96be39547a97d0dad9010365) Importer(815301076,1909f56bfc062723c751e8b465ee728b)
Start importing Assets/Sprites/HalfSquare.png using Guid(141f3bfe96be39547a97d0dad9010365) Importer(815301076,1909f56bfc062723c751e8b465ee728b)  -> (artifact id: '22133a4b509bdbe33ac678ef9d96dde6') in 0.014796 seconds 
  Import took 0.022774 seconds .

========================================================================
Received Import Request.
  Time since last request: 301.040401 seconds.
  path: Assets/Scripts
  artifactKey: Guid(ff35c1c9360e4a0448b300546c2d9934) Importer(815301076,1909f56bfc062723c751e8b465ee728b)
Start importing Assets/Scripts using Guid(ff35c1c9360e4a0448b300546c2d9934) Importer(815301076,1909f56bfc062723c751e8b465ee728b)  -> (artifact id: '53ffac9bf7a55e7e978e588907369659') in 0.009181 seconds 
  Import took 0.013509 seconds .

========================================================================
Received Import Request.
  Time since last request: 0.000463 seconds.
  path: Assets/Scripts
  artifactKey: Guid(ff35c1c9360e4a0448b300546c2d9934) Importer(815301076,1909f56bfc062723c751e8b465ee728b)
Start importing Assets/Scripts using Guid(ff35c1c9360e4a0448b300546c2d9934) Importer(815301076,1909f56bfc062723c751e8b465ee728b)  -> (artifact id: '53ffac9bf7a55e7e978e588907369659') in 0.003984 seconds 
  Import took 0.008387 seconds .

========================================================================
Received Import Request.
  Time since last request: 17.272671 seconds.
  path: Assets/Scripts/Paddle.cs
  artifactKey: Guid(2c3bd5b8e857a8a4687ee507419a3238) Importer(815301076,1909f56bfc062723c751e8b465ee728b)
Start importing Assets/Scripts/Paddle.cs using Guid(2c3bd5b8e857a8a4687ee507419a3238) Importer(815301076,1909f56bfc062723c751e8b465ee728b)  -> (artifact id: '28fae151c57d4b69db3d48e2c25e2b06') in 0.038185 seconds 
  Import took 0.045688 seconds .

========================================================================
Received Prepare
Registering precompiled user dll's ...
Registered in 0.004883 seconds.
Begin MonoManager ReloadAssembly
Native extension for WindowsStandalone target not found
Refreshing native plugins compatible for Editor in 1.06 ms, found 3 plugins.
Preloading 0 native plugins for Editor in 0.00 ms.
Mono: successfully reloaded assembly
- Completed reload, in  2.208 seconds
Platform modules already initialized, skipping
Script is not up to date after domain reload: guid(8e6b6f535a0c60e46b56b380bb0383a8) path("Assets/Scripts/NewBehaviourScript.cs") state(2)
Refreshing native plugins compatible for Editor in 0.75 ms, found 3 plugins.
Preloading 0 native plugins for Editor in 0.00 ms.
Unloading 2076 Unused Serialized files (Serialized files now loaded: 0)
System memory in use before: 96.0 MB.
System memory in use after: 96.0 MB.

Unloading 21 unused Assets to reduce memory usage. Loaded Objects now: 2561.
Total: 3.056700 ms (FindLiveObjects: 0.387600 ms CreateObjectMapping: 0.191000 ms MarkObjects: 2.353800 ms  DeleteObjects: 0.122400 ms)

AssetImportParameters requested are different than current active one (requested -> active):
  custom:framework-win-MediaFoundation: 216162199b28c13a410421893ffa2e32 -> 
  custom:video-decoder-ogg-theora: a1e56fd34408186e4bbccfd4996cb3dc -> 
  custom:container-muxer-webm: aa71ff27fc2769a1b78a27578f13a17b -> 
  custom:container-demuxer-webm: 4f35f7cbe854078d1ac9338744f61a02 -> 
  custom:container-demuxer-ogg: 62fdf1f143b41e24485cea50d1cbac27 -> 
  custom:video-encoder-webm-vp8: eb34c28f22e8b96e1ab97ce403110664 -> 
  custom:video-decoder-webm-vp8: 9c59270c3fd7afecdb556c50c9e8de78 -> 
  custom:audio-decoder-ogg-vorbis: bf7c407c2cedff20999df2af8eb42d56 -> 
  custom:audio-encoder-webm-vorbis: bf7c407c2cedff20999df2af8eb42d56 -> 
========================================================================
Received Import Request.
  Time since last request: 11.694298 seconds.
  path: Assets/Scripts/NewBehaviourScript.cs
  artifactKey: Guid(8e6b6f535a0c60e46b56b380bb0383a8) Importer(815301076,1909f56bfc062723c751e8b465ee728b)
Start importing Assets/Scripts/NewBehaviourScript.cs using Guid(8e6b6f535a0c60e46b56b380bb0383a8) Importer(815301076,1909f56bfc062723c751e8b465ee728b)  -> (artifact id: '0bca9ab86ac048291b87deba82efef72') in 0.019340 seconds 
  Import took 0.024849 seconds .

========================================================================
Received Prepare
Registering precompiled user dll's ...
Registered in 0.004826 seconds.
Begin MonoManager ReloadAssembly
Native extension for WindowsStandalone target not found
Refreshing native plugins compatible for Editor in 0.49 ms, found 3 plugins.
Preloading 0 native plugins for Editor in 0.00 ms.
Mono: successfully reloaded assembly
- Completed reload, in  1.259 seconds
Platform modules already initialized, skipping
Refreshing native plugins compatible for Editor in 0.42 ms, found 3 plugins.
Preloading 0 native plugins for Editor in 0.00 ms.
Unloading 2077 Unused Serialized files (Serialized files now loaded: 0)
System memory in use before: 96.1 MB.
System memory in use after: 96.1 MB.

Unloading 21 unused Assets to reduce memory usage. Loaded Objects now: 2566.
Total: 2.335200 ms (FindLiveObjects: 0.206500 ms CreateObjectMapping: 0.062100 ms MarkObjects: 1.965000 ms  DeleteObjects: 0.100700 ms)

AssetImportParameters requested are different than current active one (requested -> active):
  custom:framework-win-MediaFoundation: 216162199b28c13a410421893ffa2e32 -> 
  custom:video-decoder-ogg-theora: a1e56fd34408186e4bbccfd4996cb3dc -> 
  custom:container-muxer-webm: aa71ff27fc2769a1b78a27578f13a17b -> 
  custom:container-demuxer-webm: 4f35f7cbe854078d1ac9338744f61a02 -> 
  custom:container-demuxer-ogg: 62fdf1f143b41e24485cea50d1cbac27 -> 
  custom:video-encoder-webm-vp8: eb34c28f22e8b96e1ab97ce403110664 -> 
  custom:video-decoder-webm-vp8: 9c59270c3fd7afecdb556c50c9e8de78 -> 
  custom:audio-decoder-ogg-vorbis: bf7c407c2cedff20999df2af8eb42d56 -> 
  custom:audio-encoder-webm-vorbis: bf7c407c2cedff20999df2af8eb42d56 -> 
========================================================================
Received Import Request.
  Time since last request: 13.387804 seconds.
  path: Assets/Scripts/ComputerPaddle.cs
  artifactKey: Guid(8e6b6f535a0c60e46b56b380bb0383a8) Importer(815301076,1909f56bfc062723c751e8b465ee728b)
Start importing Assets/Scripts/ComputerPaddle.cs using Guid(8e6b6f535a0c60e46b56b380bb0383a8) Importer(815301076,1909f56bfc062723c751e8b465ee728b)  -> (artifact id: 'd13ffecaa1583a62911a3b8dba581f74') in 0.011590 seconds 
  Import took 0.025807 seconds .

========================================================================
Received Prepare
Registering precompiled user dll's ...
Registered in 0.004517 seconds.
Begin MonoManager ReloadAssembly
Native extension for WindowsStandalone target not found
Refreshing native plugins compatible for Editor in 0.43 ms, found 3 plugins.
Preloading 0 native plugins for Editor in 0.00 ms.
Mono: successfully reloaded assembly
- Completed reload, in  1.093 seconds
Platform modules already initialized, skipping
Refreshing native plugins compatible for Editor in 0.46 ms, found 3 plugins.
Preloading 0 native plugins for Editor in 0.00 ms.
Unloading 2077 Unused Serialized files (Serialized files now loaded: 0)
System memory in use before: 96.1 MB.
System memory in use after: 96.1 MB.

Unloading 21 unused Assets to reduce memory usage. Loaded Objects now: 2570.
Total: 3.410300 ms (FindLiveObjects: 0.360800 ms CreateObjectMapping: 0.171000 ms MarkObjects: 2.772100 ms  DeleteObjects: 0.104900 ms)

AssetImportParameters requested are different than current active one (requested -> active):
  custom:framework-win-MediaFoundation: 216162199b28c13a410421893ffa2e32 -> 
  custom:video-decoder-ogg-theora: a1e56fd34408186e4bbccfd4996cb3dc -> 
  custom:container-muxer-webm: aa71ff27fc2769a1b78a27578f13a17b -> 
  custom:container-demuxer-webm: 4f35f7cbe854078d1ac9338744f61a02 -> 
  custom:container-demuxer-ogg: 62fdf1f143b41e24485cea50d1cbac27 -> 
  custom:video-encoder-webm-vp8: eb34c28f22e8b96e1ab97ce403110664 -> 
  custom:video-decoder-webm-vp8: 9c59270c3fd7afecdb556c50c9e8de78 -> 
  custom:audio-decoder-ogg-vorbis: bf7c407c2cedff20999df2af8eb42d56 -> 
  custom:audio-encoder-webm-vorbis: bf7c407c2cedff20999df2af8eb42d56 -> 
========================================================================
Received Import Request.
  Time since last request: 28.506141 seconds.
  path: Assets/Scripts/PlayerPaddle.cs
  artifactKey: Guid(93c246683d9101f41954f1fb54fc8baa) Importer(815301076,1909f56bfc062723c751e8b465ee728b)
Start importing Assets/Scripts/PlayerPaddle.cs using Guid(93c246683d9101f41954f1fb54fc8baa) Importer(815301076,1909f56bfc062723c751e8b465ee728b)  -> (artifact id: '496caaf7916e88d3a296f764566602d3') in 0.015269 seconds 
  Import took 0.021603 seconds .

========================================================================
Received Prepare
Registering precompiled user dll's ...
Registered in 0.011439 seconds.
Begin MonoManager ReloadAssembly
Native extension for WindowsStandalone target not found
Refreshing native plugins compatible for Editor in 0.51 ms, found 3 plugins.
Preloading 0 native plugins for Editor in 0.00 ms.
Mono: successfully reloaded assembly
- Completed reload, in  1.556 seconds
Platform modules already initialized, skipping
Refreshing native plugins compatible for Editor in 0.45 ms, found 3 plugins.
Preloading 0 native plugins for Editor in 0.00 ms.
Unloading 2078 Unused Serialized files (Serialized files now loaded: 0)
System memory in use before: 96.1 MB.
System memory in use after: 96.1 MB.

Unloading 21 unused Assets to reduce memory usage. Loaded Objects now: 2575.
Total: 3.465300 ms (FindLiveObjects: 0.312200 ms CreateObjectMapping: 0.152000 ms MarkObjects: 2.847100 ms  DeleteObjects: 0.152400 ms)

AssetImportParameters requested are different than current active one (requested -> active):
  custom:framework-win-MediaFoundation: 216162199b28c13a410421893ffa2e32 -> 
  custom:video-decoder-ogg-theora: a1e56fd34408186e4bbccfd4996cb3dc -> 
  custom:container-muxer-webm: aa71ff27fc2769a1b78a27578f13a17b -> 
  custom:container-demuxer-webm: 4f35f7cbe854078d1ac9338744f61a02 -> 
  custom:container-demuxer-ogg: 62fdf1f143b41e24485cea50d1cbac27 -> 
  custom:video-encoder-webm-vp8: eb34c28f22e8b96e1ab97ce403110664 -> 
  custom:video-decoder-webm-vp8: 9c59270c3fd7afecdb556c50c9e8de78 -> 
  custom:audio-decoder-ogg-vorbis: bf7c407c2cedff20999df2af8eb42d56 -> 
  custom:audio-encoder-webm-vorbis: bf7c407c2cedff20999df2af8eb42d56 -> 
AssetImportWorkerClient::OnTransportError - code=2 error=End of file
